<?xml version="1.0" encoding="UTF-8"?>
<coverage generated="1664969661049" clover="3.2.0">
  <project timestamp="1664969661050" name="All files">
    <metrics statements="22" coveredstatements="21" conditionals="4" coveredconditionals="3" methods="8" coveredmethods="8" elements="34" coveredelements="32" complexity="0" loc="22" ncloc="22" packages="1" files="4" classes="4"/>
    <file name="calculator.js" path="C:\Users\Usirusen Ikon\Desktop\Testing-practise\calculator.js">
      <metrics statements="7" coveredstatements="7" conditionals="0" coveredconditionals="0" methods="5" coveredmethods="5"/>
      <line num="3" count="12" type="stmt"/>
      <line num="4" count="12" type="stmt"/>
      <line num="7" count="3" type="stmt"/>
      <line num="11" count="3" type="stmt"/>
      <line num="15" count="3" type="stmt"/>
      <line num="19" count="3" type="stmt"/>
      <line num="23" count="1" type="stmt"/>
    </file>
    <file name="capitalizedString.js" path="C:\Users\Usirusen Ikon\Desktop\Testing-practise\capitalizedString.js">
      <metrics statements="4" coveredstatements="4" conditionals="0" coveredconditionals="0" methods="1" coveredmethods="1"/>
      <line num="1" count="1" type="stmt"/>
      <line num="2" count="1" type="stmt"/>
      <line num="3" count="1" type="stmt"/>
      <line num="6" count="1" type="stmt"/>
    </file>
    <file name="reversestring.js" path="C:\Users\Usirusen Ikon\Desktop\Testing-practise\reversestring.js">
      <metrics statements="5" coveredstatements="5" conditionals="0" coveredconditionals="0" methods="1" coveredmethods="1"/>
      <line num="2" count="1" type="stmt"/>
      <line num="3" count="1" type="stmt"/>
      <line num="4" count="6" type="stmt"/>
      <line num="6" count="1" type="stmt"/>
      <line num="9" count="1" type="stmt"/>
    </file>
    <file name="string.js" path="C:\Users\Usirusen Ikon\Desktop\Testing-practise\string.js">
      <metrics statements="6" coveredstatements="5" conditionals="4" coveredconditionals="3" methods="1" coveredmethods="1"/>
      <line num="1" count="1" type="stmt"/>
      <line num="2" count="1" type="stmt"/>
      <line num="3" count="1" type="cond" truecount="3" falsecount="1"/>
      <line num="4" count="1" type="stmt"/>
      <line num="6" count="0" type="stmt"/>
      <line num="11" count="1" type="stmt"/>
    </file>
  </project>
</coverage>
