TN:
SF:calculator.js
FN:2,(anonymous_0)
FN:6,(anonymous_1)
FN:10,(anonymous_2)
FN:14,(anonymous_3)
FN:18,(anonymous_4)
FNF:5
FNH:5
FNDA:12,(anonymous_0)
FNDA:3,(anonymous_1)
FNDA:3,(anonymous_2)
FNDA:3,(anonymous_3)
FNDA:3,(anonymous_4)
DA:3,12
DA:4,12
DA:7,3
DA:11,3
DA:15,3
DA:19,3
DA:23,1
LF:7
LH:7
BRF:0
BRH:0
end_of_record
TN:
SF:capitalizedString.js
FN:1,(anonymous_0)
FNF:1
FNH:1
FNDA:1,(anonymous_0)
DA:1,1
DA:2,1
DA:3,1
DA:6,1
LF:4
LH:4
BRF:0
BRH:0
end_of_record
TN:
SF:reversestring.js
FN:1,reverseString
FNF:1
FNH:1
FNDA:1,reverseString
DA:2,1
DA:3,1
DA:4,6
DA:6,1
DA:9,1
LF:5
LH:5
BRF:0
BRH:0
end_of_record
TN:
SF:string.js
FN:1,(anonymous_0)
FNF:1
FNH:1
FNDA:1,(anonymous_0)
DA:1,1
DA:2,1
DA:3,1
DA:4,1
DA:6,0
DA:11,1
LF:6
LH:5
BRDA:3,0,0,1
BRDA:3,0,1,0
BRDA:3,1,0,1
BRDA:3,1,1,1
BRF:4
BRH:3
end_of_record
